<?xml version="1.0" encoding="UTF-8"?>
<!-- Generated by org.testng.reporters.JUnitReportReporter -->
<testsuite hostname="Sweety" failures="0" tests="1" name="reporttest.thJuly.AmazonWebTableTest" time="52.125" errors="0" timestamp="2025-07-17T13:21:12 IST" skipped="0">
  <testcase classname="reporttest.thJuly.AmazonWebTableTest" name="extractSamsungMobileDetails" time="52.125"/>
</testsuite> <!-- reporttest.thJuly.AmazonWebTableTest -->
