<?xml version="1.0" encoding="UTF-8"?>
<!-- Generated by org.testng.reporters.JUnitReportReporter -->
<testsuite hostname="Sweety" failures="0" tests="1" name="reporttest.thJuly.locatorstest" time="35.474" errors="0" timestamp="2025-07-16T14:03:29 IST" skipped="0">
  <testcase classname="reporttest.thJuly.locatorstest" name="locatorstest" time="35.474"/>
</testsuite> <!-- reporttest.thJuly.locatorstest -->
